[debug] [2021-02-15T23:34:32.541Z] ----------------------------------------------------------------------
[debug] [2021-02-15T23:34:32.546Z] Command:       /usr/local/bin/firebase /Users/germanalamillaperalta/.cache/firebase/tools/lib/node_modules/firebase-tools/lib/bin/firebase emulators:start
[debug] [2021-02-15T23:34:32.546Z] CLI Version:   9.1.0
[debug] [2021-02-15T23:34:32.547Z] Platform:      darwin
[debug] [2021-02-15T23:34:32.547Z] Node Version:  v12.18.1
[debug] [2021-02-15T23:34:32.549Z] Time:          Mon Feb 15 2021 17:34:32 GMT-0600 (Central Standard Time)
[debug] [2021-02-15T23:34:32.549Z] ----------------------------------------------------------------------
[debug] [2021-02-15T23:34:32.549Z] 
[debug] [2021-02-15T23:34:32.596Z] > command requires scopes: ["email","openid","https://www.googleapis.com/auth/cloudplatformprojects.readonly","https://www.googleapis.com/auth/firebase","https://www.googleapis.com/auth/cloud-platform"]
[debug] [2021-02-15T23:34:32.597Z] > authorizing via signed-in user
[info] i  emulators: Starting emulators: functions, hosting {"metadata":{"emulator":{"name":"hub"},"message":"Starting emulators: functions, hosting"}}
[warn] ⚠  emulators: It seems that you are running multiple instances of the emulator suite for project a-1bf14. This may result in unexpected behavior. 
[debug] [2021-02-15T23:34:32.621Z] [hub] writing locator at /var/folders/y9/h2pc4wwd42vcb2_dq2qgmnf00000gn/T/hub-a-1bf14.json
[warn] ⚠  functions: The following emulators are not running, calls to these services from the Functions emulator will affect production: auth, firestore, database, pubsub {"metadata":{"emulator":{"name":"functions"},"message":"The following emulators are not running, calls to these services from the Functions emulator will affect production: \u001b[1mauth, firestore, database, pubsub\u001b[22m"}}
[info] ✔  functions: Using node@12 from host. {"metadata":{"emulator":{"name":"functions"},"message":"Using node@12 from host."}}
[debug] [2021-02-15T23:34:32.665Z] defaultcredentials: writing to file /Users/germanalamillaperalta/.config/firebase/german_alamilla_gmail.com_application_default_credentials.json
[debug] [2021-02-15T23:34:32.667Z] Setting GAC to /Users/germanalamillaperalta/.config/firebase/german_alamilla_gmail.com_application_default_credentials.json {"metadata":{"emulator":{"name":"functions"},"message":"Setting GAC to /Users/germanalamillaperalta/.config/firebase/german_alamilla_gmail.com_application_default_credentials.json"}}
[debug] [2021-02-15T23:34:32.938Z] > refreshing access token with scopes: ["email","https://www.googleapis.com/auth/cloud-platform","https://www.googleapis.com/auth/cloudplatformprojects.readonly","https://www.googleapis.com/auth/firebase","openid"]
[debug] [2021-02-15T23:34:32.939Z] >>> HTTP REQUEST POST https://www.googleapis.com/oauth2/v3/token  
 <request body omitted>
[debug] [2021-02-15T23:34:33.738Z] <<< HTTP RESPONSE 200 {"expires":"Mon, 01 Jan 1990 00:00:00 GMT","cache-control":"no-cache, no-store, max-age=0, must-revalidate","date":"Mon, 15 Feb 2021 23:34:33 GMT","pragma":"no-cache","content-type":"application/json; charset=utf-8","vary":"X-Origin, Referer, Origin,Accept-Encoding","server":"scaffolding on HTTPServer2","x-xss-protection":"0","x-frame-options":"SAMEORIGIN","x-content-type-options":"nosniff","alt-svc":"h3-29=\":443\"; ma=2592000,h3-T051=\":443\"; ma=2592000,h3-Q050=\":443\"; ma=2592000,h3-Q046=\":443\"; ma=2592000,h3-Q043=\":443\"; ma=2592000,quic=\":443\"; ma=2592000; v=\"46,43\"","accept-ranges":"none","transfer-encoding":"chunked"}
[debug] [2021-02-15T23:34:33.813Z] >>> HTTP REQUEST GET https://firebase.googleapis.com/v1beta1/projects/a-1bf14/webApps/-/config  
 
[debug] [2021-02-15T23:34:34.474Z] <<< HTTP RESPONSE 200 {"content-type":"application/json; charset=UTF-8","vary":"X-Origin, Referer, Origin,Accept-Encoding","date":"Mon, 15 Feb 2021 23:34:34 GMT","server":"ESF","cache-control":"private","x-xss-protection":"0","x-frame-options":"SAMEORIGIN","x-content-type-options":"nosniff","alt-svc":"h3-29=\":443\"; ma=2592000,h3-T051=\":443\"; ma=2592000,h3-Q050=\":443\"; ma=2592000,h3-Q046=\":443\"; ma=2592000,h3-Q043=\":443\"; ma=2592000,quic=\":443\"; ma=2592000; v=\"46,43\"","accept-ranges":"none","transfer-encoding":"chunked"}
[info] i  hosting: Serving hosting files from: build {"metadata":{"emulator":{"name":"hosting"},"message":"Serving hosting files from: \u001b[1mbuild\u001b[22m"}}
[info] ✔  hosting: Local server: http://localhost:5000 {"metadata":{"emulator":{"name":"hosting"},"message":"Local server: \u001b[4m\u001b[1mhttp://localhost:5000\u001b[22m\u001b[24m"}}
[warn] ⚠  ui: Emulator UI unable to start on port 4000, starting on 4001 instead. {"metadata":{"emulator":{"name":"ui"},"message":"Emulator UI unable to start on port 4000, starting on 4001 instead."}}
[debug] [2021-02-15T23:34:34.878Z] Ignoring unsupported arg: auto_download {"metadata":{"emulator":{"name":"ui"},"message":"Ignoring unsupported arg: auto_download"}}
[debug] [2021-02-15T23:34:34.878Z] Ignoring unsupported arg: port {"metadata":{"emulator":{"name":"ui"},"message":"Ignoring unsupported arg: port"}}
[debug] [2021-02-15T23:34:34.879Z] Starting Emulator UI with command {"binary":"node","args":["/Users/germanalamillaperalta/.cache/firebase/emulators/ui-v1.4.1/server.bundle.js"],"optionalArgs":[],"joinArgs":false} {"metadata":{"emulator":{"name":"ui"},"message":"Starting Emulator UI with command {\"binary\":\"node\",\"args\":[\"/Users/germanalamillaperalta/.cache/firebase/emulators/ui-v1.4.1/server.bundle.js\"],\"optionalArgs\":[],\"joinArgs\":false}"}}
[info] i  ui: Emulator UI logging to ui-debug.log {"metadata":{"emulator":{"name":"ui"},"message":"Emulator UI logging to \u001b[1mui-debug.log\u001b[22m"}}
[debug] [2021-02-15T23:34:35.239Z] Web / API server started at http://localhost:4001
 {"metadata":{"emulator":{"name":"ui"},"message":"Web / API server started at http://localhost:4001\n"}}
[info] i  functions: Watching "/Users/germanalamillaperalta/Documents/webdev/amazon-challenge/functions" for Cloud Functions... {"metadata":{"emulator":{"name":"functions"},"message":"Watching \"/Users/germanalamillaperalta/Documents/webdev/amazon-challenge/functions\" for Cloud Functions..."}}
[debug] [2021-02-15T23:34:35.417Z] [worker-pool] addWorker(~diagnostic~) {"metadata":{"emulator":{"name":"functions"},"message":"[worker-pool] addWorker(~diagnostic~)"}}
[debug] [2021-02-15T23:34:35.418Z] [worker-pool] Adding worker with key ~diagnostic~, total=1 {"metadata":{"emulator":{"name":"functions"},"message":"[worker-pool] Adding worker with key ~diagnostic~, total=1"}}
[debug] [2021-02-15T23:34:35.418Z] [worker-pool] submitWork(triggerId=) {"metadata":{"emulator":{"name":"functions"},"message":"[worker-pool] submitWork(triggerId=)"}}
[debug] [2021-02-15T23:34:35.419Z] [worker-~diagnostic~-e87e2aba-8153-455c-8965-c1235075d27e]: Assigning socketPath: /var/folders/y9/h2pc4wwd42vcb2_dq2qgmnf00000gn/T/fire_emu_78565.sock {"metadata":{"emulator":{"name":"functions"},"message":"[worker-~diagnostic~-e87e2aba-8153-455c-8965-c1235075d27e]: Assigning socketPath: /var/folders/y9/h2pc4wwd42vcb2_dq2qgmnf00000gn/T/fire_emu_78565.sock"}}
[debug] [2021-02-15T23:34:35.420Z] [worker-~diagnostic~-e87e2aba-8153-455c-8965-c1235075d27e]: BUSY {"metadata":{"emulator":{"name":"functions"},"message":"[worker-~diagnostic~-e87e2aba-8153-455c-8965-c1235075d27e]: BUSY"}}
[debug] [2021-02-15T23:34:36.085Z] [runtime-status] [78565] Functions runtime initialized. {"cwd":"/Users/germanalamillaperalta/Documents/webdev/amazon-challenge/functions","node_version":"12.18.1"} {"metadata":{"emulator":{"name":"functions"},"message":"[runtime-status] [78565] Functions runtime initialized. {\"cwd\":\"/Users/germanalamillaperalta/Documents/webdev/amazon-challenge/functions\",\"node_version\":\"12.18.1\"}"}}
[debug] [2021-02-15T23:34:36.086Z] [runtime-status] [78565] Disabled runtime features: undefined {"metadata":{"emulator":{"name":"functions"},"message":"[runtime-status] [78565] Disabled runtime features: undefined"}}
[debug] [2021-02-15T23:34:36.090Z] [runtime-status] [78565] Resolved module firebase-admin {"declared":true,"installed":true,"version":"9.5.0","resolution":"/Users/germanalamillaperalta/Documents/webdev/amazon-challenge/functions/node_modules/firebase-admin/lib/index.js"} {"metadata":{"emulator":{"name":"functions"},"message":"[runtime-status] [78565] Resolved module firebase-admin {\"declared\":true,\"installed\":true,\"version\":\"9.5.0\",\"resolution\":\"/Users/germanalamillaperalta/Documents/webdev/amazon-challenge/functions/node_modules/firebase-admin/lib/index.js\"}"}}
[debug] [2021-02-15T23:34:36.092Z] [runtime-status] [78565] Resolved module firebase-functions {"declared":true,"installed":true,"version":"3.13.1","resolution":"/Users/germanalamillaperalta/Documents/webdev/amazon-challenge/functions/node_modules/firebase-functions/lib/index.js"} {"metadata":{"emulator":{"name":"functions"},"message":"[runtime-status] [78565] Resolved module firebase-functions {\"declared\":true,\"installed\":true,\"version\":\"3.13.1\",\"resolution\":\"/Users/germanalamillaperalta/Documents/webdev/amazon-challenge/functions/node_modules/firebase-functions/lib/index.js\"}"}}
[debug] [2021-02-15T23:34:36.093Z] [runtime-status] [78565] Resolved module firebase-functions {"declared":true,"installed":true,"version":"3.13.1","resolution":"/Users/germanalamillaperalta/Documents/webdev/amazon-challenge/functions/node_modules/firebase-functions/lib/index.js"} {"metadata":{"emulator":{"name":"functions"},"message":"[runtime-status] [78565] Resolved module firebase-functions {\"declared\":true,\"installed\":true,\"version\":\"3.13.1\",\"resolution\":\"/Users/germanalamillaperalta/Documents/webdev/amazon-challenge/functions/node_modules/firebase-functions/lib/index.js\"}"}}
[debug] [2021-02-15T23:34:36.095Z] [runtime-status] [78565] Outgoing network have been stubbed. [{"name":"http","status":"mocked"},{"name":"http","status":"mocked"},{"name":"https","status":"mocked"},{"name":"https","status":"mocked"},{"name":"net","status":"mocked"}] {"metadata":{"emulator":{"name":"functions"},"message":"[runtime-status] [78565] Outgoing network have been stubbed. [{\"name\":\"http\",\"status\":\"mocked\"},{\"name\":\"http\",\"status\":\"mocked\"},{\"name\":\"https\",\"status\":\"mocked\"},{\"name\":\"https\",\"status\":\"mocked\"},{\"name\":\"net\",\"status\":\"mocked\"}]"}}
[debug] [2021-02-15T23:34:36.096Z] [runtime-status] [78565] Resolved module firebase-functions {"declared":true,"installed":true,"version":"3.13.1","resolution":"/Users/germanalamillaperalta/Documents/webdev/amazon-challenge/functions/node_modules/firebase-functions/lib/index.js"} {"metadata":{"emulator":{"name":"functions"},"message":"[runtime-status] [78565] Resolved module firebase-functions {\"declared\":true,\"installed\":true,\"version\":\"3.13.1\",\"resolution\":\"/Users/germanalamillaperalta/Documents/webdev/amazon-challenge/functions/node_modules/firebase-functions/lib/index.js\"}"}}
[debug] [2021-02-15T23:34:36.158Z] [runtime-status] [78565] Checked functions.config() {"config":{}} {"metadata":{"emulator":{"name":"functions"},"message":"[runtime-status] [78565] Checked functions.config() {\"config\":{}}"}}
[debug] [2021-02-15T23:34:36.158Z] [runtime-status] [78565] firebase-functions has been stubbed. {"functionsResolution":{"declared":true,"installed":true,"version":"3.13.1","resolution":"/Users/germanalamillaperalta/Documents/webdev/amazon-challenge/functions/node_modules/firebase-functions/lib/index.js"}} {"metadata":{"emulator":{"name":"functions"},"message":"[runtime-status] [78565] firebase-functions has been stubbed. {\"functionsResolution\":{\"declared\":true,\"installed\":true,\"version\":\"3.13.1\",\"resolution\":\"/Users/germanalamillaperalta/Documents/webdev/amazon-challenge/functions/node_modules/firebase-functions/lib/index.js\"}}"}}
[debug] [2021-02-15T23:34:36.160Z] [runtime-status] [78565] Resolved module firebase-functions {"declared":true,"installed":true,"version":"3.13.1","resolution":"/Users/germanalamillaperalta/Documents/webdev/amazon-challenge/functions/node_modules/firebase-functions/lib/index.js"} {"metadata":{"emulator":{"name":"functions"},"message":"[runtime-status] [78565] Resolved module firebase-functions {\"declared\":true,\"installed\":true,\"version\":\"3.13.1\",\"resolution\":\"/Users/germanalamillaperalta/Documents/webdev/amazon-challenge/functions/node_modules/firebase-functions/lib/index.js\"}"}}
[debug] [2021-02-15T23:34:36.162Z] [runtime-status] [78565] Resolved module firebase-admin {"declared":true,"installed":true,"version":"9.5.0","resolution":"/Users/germanalamillaperalta/Documents/webdev/amazon-challenge/functions/node_modules/firebase-admin/lib/index.js"} {"metadata":{"emulator":{"name":"functions"},"message":"[runtime-status] [78565] Resolved module firebase-admin {\"declared\":true,\"installed\":true,\"version\":\"9.5.0\",\"resolution\":\"/Users/germanalamillaperalta/Documents/webdev/amazon-challenge/functions/node_modules/firebase-admin/lib/index.js\"}"}}
[debug] [2021-02-15T23:34:36.163Z] [runtime-status] [78565] Resolved module firebase-functions {"declared":true,"installed":true,"version":"3.13.1","resolution":"/Users/germanalamillaperalta/Documents/webdev/amazon-challenge/functions/node_modules/firebase-functions/lib/index.js"} {"metadata":{"emulator":{"name":"functions"},"message":"[runtime-status] [78565] Resolved module firebase-functions {\"declared\":true,\"installed\":true,\"version\":\"3.13.1\",\"resolution\":\"/Users/germanalamillaperalta/Documents/webdev/amazon-challenge/functions/node_modules/firebase-functions/lib/index.js\"}"}}
[debug] [2021-02-15T23:34:36.163Z] [runtime-status] [78565] firebase-admin has been stubbed. {"adminResolution":{"declared":true,"installed":true,"version":"9.5.0","resolution":"/Users/germanalamillaperalta/Documents/webdev/amazon-challenge/functions/node_modules/firebase-admin/lib/index.js"}} {"metadata":{"emulator":{"name":"functions"},"message":"[runtime-status] [78565] firebase-admin has been stubbed. {\"adminResolution\":{\"declared\":true,\"installed\":true,\"version\":\"9.5.0\",\"resolution\":\"/Users/germanalamillaperalta/Documents/webdev/amazon-challenge/functions/node_modules/firebase-admin/lib/index.js\"}}"}}
[info] ✔  functions[api]: http function initialized (http://localhost:5001/a-1bf14/us-central1/api). {"metadata":{"emulator":{"name":"functions"},"message":"\u001b[1mhttp\u001b[22m function initialized (http://localhost:5001/a-1bf14/us-central1/api)."}}
[info] 
┌─────────────────────────────────────────────────────────────┐
│ ✔  All emulators ready! It is now safe to connect your app. │
│ i  View Emulator UI at http://localhost:4001                │
└─────────────────────────────────────────────────────────────┘

┌───────────┬────────────────┬─────────────────────────────────┐
│ Emulator  │ Host:Port      │ View in Emulator UI             │
├───────────┼────────────────┼─────────────────────────────────┤
│ Functions │ localhost:5001 │ http://localhost:4001/functions │
├───────────┼────────────────┼─────────────────────────────────┤
│ Hosting   │ localhost:5000 │ n/a                             │
└───────────┴────────────────┴─────────────────────────────────┘
  Emulator Hub running at localhost:4400
  Other reserved ports: 4500

Issues? Report them at https://github.com/firebase/firebase-tools/issues and attach the *-debug.log files.
 
[debug] [2021-02-15T23:34:36.330Z] [worker-~diagnostic~-e87e2aba-8153-455c-8965-c1235075d27e]: IDLE {"metadata":{"emulator":{"name":"functions"},"message":"[worker-~diagnostic~-e87e2aba-8153-455c-8965-c1235075d27e]: IDLE"}}
[debug] [2021-02-16T00:12:10.640Z] [work-queue] {"queueLength":1,"workRunningCount":0}
[debug] [2021-02-16T00:12:10.641Z] [work-queue] {"queueLength":0,"workRunningCount":1}
[debug] [2021-02-16T00:12:10.642Z] Accepted request POST /a-1bf14/us-central1/api/payments/create?total=56797 --> api
[debug] [2021-02-16T00:12:10.650Z] [worker-pool] addWorker(api) {"metadata":{"emulator":{"name":"functions"},"message":"[worker-pool] addWorker(api)"}}
[debug] [2021-02-16T00:12:10.651Z] [worker-pool] Adding worker with key api, total=1 {"metadata":{"emulator":{"name":"functions"},"message":"[worker-pool] Adding worker with key api, total=1"}}
[debug] [2021-02-16T00:12:10.652Z] [worker-pool] submitWork(triggerId=api) {"metadata":{"emulator":{"name":"functions"},"message":"[worker-pool] submitWork(triggerId=api)"}}
[debug] [2021-02-16T00:12:10.652Z] [worker-api-2b0e701b-ab06-4bf7-8d0e-56ba8a19a0ff]: Assigning socketPath: /var/folders/y9/h2pc4wwd42vcb2_dq2qgmnf00000gn/T/fire_emu_82734.sock {"metadata":{"emulator":{"name":"functions"},"message":"[worker-api-2b0e701b-ab06-4bf7-8d0e-56ba8a19a0ff]: Assigning socketPath: /var/folders/y9/h2pc4wwd42vcb2_dq2qgmnf00000gn/T/fire_emu_82734.sock"}}
[debug] [2021-02-16T00:12:10.652Z] [worker-api-2b0e701b-ab06-4bf7-8d0e-56ba8a19a0ff]: BUSY {"metadata":{"emulator":{"name":"functions"},"message":"[worker-api-2b0e701b-ab06-4bf7-8d0e-56ba8a19a0ff]: BUSY"}}
[debug] [2021-02-16T00:12:11.338Z] [runtime-status] [82734] Functions runtime initialized. {"cwd":"/Users/germanalamillaperalta/Documents/webdev/amazon-challenge/functions","node_version":"12.18.1"} {"metadata":{"emulator":{"name":"functions"},"function":{"name":"api"},"message":"[runtime-status] [82734] Functions runtime initialized. {\"cwd\":\"/Users/germanalamillaperalta/Documents/webdev/amazon-challenge/functions\",\"node_version\":\"12.18.1\"}"}}
[debug] [2021-02-16T00:12:11.340Z] [runtime-status] [82734] Disabled runtime features: undefined {"metadata":{"emulator":{"name":"functions"},"function":{"name":"api"},"message":"[runtime-status] [82734] Disabled runtime features: undefined"}}
[debug] [2021-02-16T00:12:11.344Z] [runtime-status] [82734] Resolved module firebase-admin {"declared":true,"installed":true,"version":"9.5.0","resolution":"/Users/germanalamillaperalta/Documents/webdev/amazon-challenge/functions/node_modules/firebase-admin/lib/index.js"} {"metadata":{"emulator":{"name":"functions"},"function":{"name":"api"},"message":"[runtime-status] [82734] Resolved module firebase-admin {\"declared\":true,\"installed\":true,\"version\":\"9.5.0\",\"resolution\":\"/Users/germanalamillaperalta/Documents/webdev/amazon-challenge/functions/node_modules/firebase-admin/lib/index.js\"}"}}
[debug] [2021-02-16T00:12:11.345Z] [runtime-status] [82734] Resolved module firebase-functions {"declared":true,"installed":true,"version":"3.13.1","resolution":"/Users/germanalamillaperalta/Documents/webdev/amazon-challenge/functions/node_modules/firebase-functions/lib/index.js"} {"metadata":{"emulator":{"name":"functions"},"function":{"name":"api"},"message":"[runtime-status] [82734] Resolved module firebase-functions {\"declared\":true,\"installed\":true,\"version\":\"3.13.1\",\"resolution\":\"/Users/germanalamillaperalta/Documents/webdev/amazon-challenge/functions/node_modules/firebase-functions/lib/index.js\"}"}}
[debug] [2021-02-16T00:12:11.347Z] [runtime-status] [82734] Resolved module firebase-functions {"declared":true,"installed":true,"version":"3.13.1","resolution":"/Users/germanalamillaperalta/Documents/webdev/amazon-challenge/functions/node_modules/firebase-functions/lib/index.js"} {"metadata":{"emulator":{"name":"functions"},"function":{"name":"api"},"message":"[runtime-status] [82734] Resolved module firebase-functions {\"declared\":true,\"installed\":true,\"version\":\"3.13.1\",\"resolution\":\"/Users/germanalamillaperalta/Documents/webdev/amazon-challenge/functions/node_modules/firebase-functions/lib/index.js\"}"}}
[debug] [2021-02-16T00:12:11.350Z] [runtime-status] [82734] Outgoing network have been stubbed. [{"name":"http","status":"mocked"},{"name":"http","status":"mocked"},{"name":"https","status":"mocked"},{"name":"https","status":"mocked"},{"name":"net","status":"mocked"}] {"metadata":{"emulator":{"name":"functions"},"function":{"name":"api"},"message":"[runtime-status] [82734] Outgoing network have been stubbed. [{\"name\":\"http\",\"status\":\"mocked\"},{\"name\":\"http\",\"status\":\"mocked\"},{\"name\":\"https\",\"status\":\"mocked\"},{\"name\":\"https\",\"status\":\"mocked\"},{\"name\":\"net\",\"status\":\"mocked\"}]"}}
[debug] [2021-02-16T00:12:11.353Z] [runtime-status] [82734] Resolved module firebase-functions {"declared":true,"installed":true,"version":"3.13.1","resolution":"/Users/germanalamillaperalta/Documents/webdev/amazon-challenge/functions/node_modules/firebase-functions/lib/index.js"} {"metadata":{"emulator":{"name":"functions"},"function":{"name":"api"},"message":"[runtime-status] [82734] Resolved module firebase-functions {\"declared\":true,\"installed\":true,\"version\":\"3.13.1\",\"resolution\":\"/Users/germanalamillaperalta/Documents/webdev/amazon-challenge/functions/node_modules/firebase-functions/lib/index.js\"}"}}
[debug] [2021-02-16T00:12:11.425Z] [runtime-status] [82734] Checked functions.config() {"config":{}} {"metadata":{"emulator":{"name":"functions"},"function":{"name":"api"},"message":"[runtime-status] [82734] Checked functions.config() {\"config\":{}}"}}
[debug] [2021-02-16T00:12:11.425Z] [runtime-status] [82734] firebase-functions has been stubbed. {"functionsResolution":{"declared":true,"installed":true,"version":"3.13.1","resolution":"/Users/germanalamillaperalta/Documents/webdev/amazon-challenge/functions/node_modules/firebase-functions/lib/index.js"}} {"metadata":{"emulator":{"name":"functions"},"function":{"name":"api"},"message":"[runtime-status] [82734] firebase-functions has been stubbed. {\"functionsResolution\":{\"declared\":true,\"installed\":true,\"version\":\"3.13.1\",\"resolution\":\"/Users/germanalamillaperalta/Documents/webdev/amazon-challenge/functions/node_modules/firebase-functions/lib/index.js\"}}"}}
[debug] [2021-02-16T00:12:11.426Z] [runtime-status] [82734] Resolved module firebase-functions {"declared":true,"installed":true,"version":"3.13.1","resolution":"/Users/germanalamillaperalta/Documents/webdev/amazon-challenge/functions/node_modules/firebase-functions/lib/index.js"} {"metadata":{"emulator":{"name":"functions"},"function":{"name":"api"},"message":"[runtime-status] [82734] Resolved module firebase-functions {\"declared\":true,\"installed\":true,\"version\":\"3.13.1\",\"resolution\":\"/Users/germanalamillaperalta/Documents/webdev/amazon-challenge/functions/node_modules/firebase-functions/lib/index.js\"}"}}
[debug] [2021-02-16T00:12:11.427Z] [runtime-status] [82734] Resolved module firebase-admin {"declared":true,"installed":true,"version":"9.5.0","resolution":"/Users/germanalamillaperalta/Documents/webdev/amazon-challenge/functions/node_modules/firebase-admin/lib/index.js"} {"metadata":{"emulator":{"name":"functions"},"function":{"name":"api"},"message":"[runtime-status] [82734] Resolved module firebase-admin {\"declared\":true,\"installed\":true,\"version\":\"9.5.0\",\"resolution\":\"/Users/germanalamillaperalta/Documents/webdev/amazon-challenge/functions/node_modules/firebase-admin/lib/index.js\"}"}}
[debug] [2021-02-16T00:12:11.427Z] [runtime-status] [82734] Resolved module firebase-functions {"declared":true,"installed":true,"version":"3.13.1","resolution":"/Users/germanalamillaperalta/Documents/webdev/amazon-challenge/functions/node_modules/firebase-functions/lib/index.js"} {"metadata":{"emulator":{"name":"functions"},"function":{"name":"api"},"message":"[runtime-status] [82734] Resolved module firebase-functions {\"declared\":true,\"installed\":true,\"version\":\"3.13.1\",\"resolution\":\"/Users/germanalamillaperalta/Documents/webdev/amazon-challenge/functions/node_modules/firebase-functions/lib/index.js\"}"}}
[debug] [2021-02-16T00:12:11.428Z] [runtime-status] [82734] firebase-admin has been stubbed. {"adminResolution":{"declared":true,"installed":true,"version":"9.5.0","resolution":"/Users/germanalamillaperalta/Documents/webdev/amazon-challenge/functions/node_modules/firebase-admin/lib/index.js"}} {"metadata":{"emulator":{"name":"functions"},"function":{"name":"api"},"message":"[runtime-status] [82734] firebase-admin has been stubbed. {\"adminResolution\":{\"declared\":true,\"installed\":true,\"version\":\"9.5.0\",\"resolution\":\"/Users/germanalamillaperalta/Documents/webdev/amazon-challenge/functions/node_modules/firebase-admin/lib/index.js\"}}"}}
[debug] [2021-02-16T00:12:11.690Z] [runtime-status] [82734] Trigger "api" has been found, beginning invocation! {"metadata":{"emulator":{"name":"functions"},"function":{"name":"api"},"message":"[runtime-status] [82734] Trigger \"api\" has been found, beginning invocation!"}}
[info] i  functions: Beginning execution of "api" {"metadata":{"emulator":{"name":"functions"},"function":{"name":"api"},"message":"Beginning execution of \"api\""}}
[debug] [2021-02-16T00:12:11.731Z] [runtime-status] [82734] triggerDefinition {"httpsTrigger":{},"name":"api","entryPoint":"api"} {"metadata":{"emulator":{"name":"functions"},"function":{"name":"api"},"message":"[runtime-status] [82734] triggerDefinition {\"httpsTrigger\":{},\"name\":\"api\",\"entryPoint\":\"api\"}"}}
[debug] [2021-02-16T00:12:11.731Z] [runtime-status] [82734] Running api in mode HTTPS {"metadata":{"emulator":{"name":"functions"},"function":{"name":"api"},"message":"[runtime-status] [82734] Running api in mode HTTPS"}}
[debug] [2021-02-16T00:12:11.773Z] [runtime-status] [82734] Attempting to listen to socketPath: /var/folders/y9/h2pc4wwd42vcb2_dq2qgmnf00000gn/T/fire_emu_82734.sock {"metadata":{"emulator":{"name":"functions"},"function":{"name":"api"},"message":"[runtime-status] [82734] Attempting to listen to socketPath: /var/folders/y9/h2pc4wwd42vcb2_dq2qgmnf00000gn/T/fire_emu_82734.sock"}}
[debug] [2021-02-16T00:12:11.800Z] [functions] Runtime ready! Sending request! {"metadata":{"emulator":{"name":"functions"},"message":"[functions] Runtime ready! Sending request!"}}
[debug] [2021-02-16T00:12:11.824Z] [runtime-status] [82734] Ephemeral server handling POST request {"metadata":{"emulator":{"name":"functions"},"function":{"name":"api"},"message":"[runtime-status] [82734] Ephemeral server handling POST request"}}
[info] >  Payment Request Received, for this amount>> 56797 {"user":"Payment Request Received, for this amount>> 56797","metadata":{"emulator":{"name":"functions"},"function":{"name":"api"},"message":"\u001b[90m> \u001b[39m Payment Request Received, for this amount>> 56797"}}
[debug] [2021-02-16T00:12:11.855Z] [runtime-status] [82734] Ephemeral server survived. {"metadata":{"emulator":{"name":"functions"},"function":{"name":"api"},"message":"[runtime-status] [82734] Ephemeral server survived."}}
[info] i  functions: Finished "api" in ~23s {"metadata":{"emulator":{"name":"functions"},"function":{"name":"api"},"message":"Finished \"api\" in ~23s"}}
[debug] [2021-02-16T00:12:35.155Z] [worker-api-2b0e701b-ab06-4bf7-8d0e-56ba8a19a0ff]: IDLE {"metadata":{"emulator":{"name":"functions"},"message":"[worker-api-2b0e701b-ab06-4bf7-8d0e-56ba8a19a0ff]: IDLE"}}
[debug] [2021-02-16T00:12:35.155Z] [work-queue] {"queueLength":0,"workRunningCount":0}
[debug] [2021-02-16T00:16:06.227Z] [work-queue] {"queueLength":1,"workRunningCount":0}
[debug] [2021-02-16T00:16:06.228Z] [work-queue] {"queueLength":0,"workRunningCount":1}
[debug] [2021-02-16T00:16:06.228Z] Accepted request POST /a-1bf14/us-central1/api/payments/create?total=0 --> api
[debug] [2021-02-16T00:16:06.228Z] [worker-pool] submitWork(triggerId=api) {"metadata":{"emulator":{"name":"functions"},"message":"[worker-pool] submitWork(triggerId=api)"}}
[debug] [2021-02-16T00:16:06.229Z] [worker-api-2b0e701b-ab06-4bf7-8d0e-56ba8a19a0ff]: Assigning socketPath: /var/folders/y9/h2pc4wwd42vcb2_dq2qgmnf00000gn/T/fire_emu_82734.sock {"metadata":{"emulator":{"name":"functions"},"message":"[worker-api-2b0e701b-ab06-4bf7-8d0e-56ba8a19a0ff]: Assigning socketPath: /var/folders/y9/h2pc4wwd42vcb2_dq2qgmnf00000gn/T/fire_emu_82734.sock"}}
[debug] [2021-02-16T00:16:06.229Z] [worker-api-2b0e701b-ab06-4bf7-8d0e-56ba8a19a0ff]: BUSY {"metadata":{"emulator":{"name":"functions"},"message":"[worker-api-2b0e701b-ab06-4bf7-8d0e-56ba8a19a0ff]: BUSY"}}
[debug] [2021-02-16T00:16:06.231Z] [runtime-status] [82734] Trigger "api" has been found, beginning invocation! {"metadata":{"emulator":{"name":"functions"},"function":{"name":"api"},"message":"[runtime-status] [82734] Trigger \"api\" has been found, beginning invocation!"}}
[info] i  functions: Beginning execution of "api" {"metadata":{"emulator":{"name":"functions"},"function":{"name":"api"},"message":"Beginning execution of \"api\""}}
[debug] [2021-02-16T00:16:06.232Z] [runtime-status] [82734] triggerDefinition {"httpsTrigger":{},"name":"api","entryPoint":"api"} {"metadata":{"emulator":{"name":"functions"},"function":{"name":"api"},"message":"[runtime-status] [82734] triggerDefinition {\"httpsTrigger\":{},\"name\":\"api\",\"entryPoint\":\"api\"}"}}
[debug] [2021-02-16T00:16:06.232Z] [runtime-status] [82734] Running api in mode HTTPS {"metadata":{"emulator":{"name":"functions"},"function":{"name":"api"},"message":"[runtime-status] [82734] Running api in mode HTTPS"}}
[debug] [2021-02-16T00:16:06.233Z] [runtime-status] [82734] Attempting to listen to socketPath: /var/folders/y9/h2pc4wwd42vcb2_dq2qgmnf00000gn/T/fire_emu_82734.sock {"metadata":{"emulator":{"name":"functions"},"function":{"name":"api"},"message":"[runtime-status] [82734] Attempting to listen to socketPath: /var/folders/y9/h2pc4wwd42vcb2_dq2qgmnf00000gn/T/fire_emu_82734.sock"}}
[debug] [2021-02-16T00:16:06.248Z] [functions] Runtime ready! Sending request! {"metadata":{"emulator":{"name":"functions"},"message":"[functions] Runtime ready! Sending request!"}}
[debug] [2021-02-16T00:16:06.253Z] [runtime-status] [82734] Ephemeral server handling POST request {"metadata":{"emulator":{"name":"functions"},"function":{"name":"api"},"message":"[runtime-status] [82734] Ephemeral server handling POST request"}}
[info] >  Payment Request Received, for this amount>> 0 {"user":"Payment Request Received, for this amount>> 0","metadata":{"emulator":{"name":"functions"},"function":{"name":"api"},"message":"\u001b[90m> \u001b[39m Payment Request Received, for this amount>> 0"}}
[debug] [2021-02-16T00:16:06.256Z] [runtime-status] [82734] Ephemeral server survived. {"metadata":{"emulator":{"name":"functions"},"function":{"name":"api"},"message":"[runtime-status] [82734] Ephemeral server survived."}}
[info] >  (node:82734) UnhandledPromiseRejectionWarning: Error: This value must be greater than or equal to 1. {"user":"(node:82734) UnhandledPromiseRejectionWarning: Error: This value must be greater than or equal to 1.","metadata":{"emulator":{"name":"functions"},"function":{"name":"api"},"message":"\u001b[90m> \u001b[39m (node:82734) UnhandledPromiseRejectionWarning: Error: This value must be greater than or equal to 1."}}
[info] >      at Function.generate (/Users/germanalamillaperalta/Documents/webdev/amazon-challenge/functions/node_modules/stripe/lib/Error.js:40:16) {"user":"    at Function.generate (/Users/germanalamillaperalta/Documents/webdev/amazon-challenge/functions/node_modules/stripe/lib/Error.js:40:16)","metadata":{"emulator":{"name":"functions"},"function":{"name":"api"},"message":"\u001b[90m> \u001b[39m     at Function.generate (/Users/germanalamillaperalta/Documents/webdev/amazon-challenge/functions/node_modules/stripe/lib/Error.js:40:16)"}}
[info] >      at IncomingMessage.<anonymous> (/Users/germanalamillaperalta/Documents/webdev/amazon-challenge/functions/node_modules/stripe/lib/StripeResource.js:180:33) {"user":"    at IncomingMessage.<anonymous> (/Users/germanalamillaperalta/Documents/webdev/amazon-challenge/functions/node_modules/stripe/lib/StripeResource.js:180:33)","metadata":{"emulator":{"name":"functions"},"function":{"name":"api"},"message":"\u001b[90m> \u001b[39m     at IncomingMessage.<anonymous> (/Users/germanalamillaperalta/Documents/webdev/amazon-challenge/functions/node_modules/stripe/lib/StripeResource.js:180:33)"}}
[info] >      at Object.onceWrapper (events.js:421:28) {"user":"    at Object.onceWrapper (events.js:421:28)","metadata":{"emulator":{"name":"functions"},"function":{"name":"api"},"message":"\u001b[90m> \u001b[39m     at Object.onceWrapper (events.js:421:28)"}}
[info] >      at IncomingMessage.emit (events.js:327:22) {"user":"    at IncomingMessage.emit (events.js:327:22)","metadata":{"emulator":{"name":"functions"},"function":{"name":"api"},"message":"\u001b[90m> \u001b[39m     at IncomingMessage.emit (events.js:327:22)"}}
[info] >      at endReadableNT (_stream_readable.js:1221:12) {"user":"    at endReadableNT (_stream_readable.js:1221:12)","metadata":{"emulator":{"name":"functions"},"function":{"name":"api"},"message":"\u001b[90m> \u001b[39m     at endReadableNT (_stream_readable.js:1221:12)"}}
[info] >      at processTicksAndRejections (internal/process/task_queues.js:84:21) {"user":"    at processTicksAndRejections (internal/process/task_queues.js:84:21)","metadata":{"emulator":{"name":"functions"},"function":{"name":"api"},"message":"\u001b[90m> \u001b[39m     at processTicksAndRejections (internal/process/task_queues.js:84:21)"}}
[info] >  (node:82734) UnhandledPromiseRejectionWarning: Unhandled promise rejection. This error originated either by throwing inside of an async function without a catch block, or by rejecting a promise which was not handled with .catch(). To terminate the node process on unhandled promise rejection, use the CLI flag `--unhandled-rejections=strict` (see https://nodejs.org/api/cli.html#cli_unhandled_rejections_mode). (rejection id: 1) {"user":"(node:82734) UnhandledPromiseRejectionWarning: Unhandled promise rejection. This error originated either by throwing inside of an async function without a catch block, or by rejecting a promise which was not handled with .catch(). To terminate the node process on unhandled promise rejection, use the CLI flag `--unhandled-rejections=strict` (see https://nodejs.org/api/cli.html#cli_unhandled_rejections_mode). (rejection id: 1)","metadata":{"emulator":{"name":"functions"},"function":{"name":"api"},"message":"\u001b[90m> \u001b[39m (node:82734) UnhandledPromiseRejectionWarning: Unhandled promise rejection. This error originated either by throwing inside of an async function without a catch block, or by rejecting a promise which was not handled with .catch(). To terminate the node process on unhandled promise rejection, use the CLI flag `--unhandled-rejections=strict` (see https://nodejs.org/api/cli.html#cli_unhandled_rejections_mode). (rejection id: 1)"}}
[info] >  (node:82734) [DEP0018] DeprecationWarning: Unhandled promise rejections are deprecated. In the future, promise rejections that are not handled will terminate the Node.js process with a non-zero exit code. {"user":"(node:82734) [DEP0018] DeprecationWarning: Unhandled promise rejections are deprecated. In the future, promise rejections that are not handled will terminate the Node.js process with a non-zero exit code.","metadata":{"emulator":{"name":"functions"},"function":{"name":"api"},"message":"\u001b[90m> \u001b[39m (node:82734) [DEP0018] DeprecationWarning: Unhandled promise rejections are deprecated. In the future, promise rejections that are not handled will terminate the Node.js process with a non-zero exit code."}}
[debug] [2021-02-16T00:16:18.012Z] [work-queue] {"queueLength":1,"workRunningCount":1}
[debug] [2021-02-16T00:16:18.012Z] [work-queue] {"queueLength":0,"workRunningCount":2}
[debug] [2021-02-16T00:16:18.012Z] Accepted request POST /a-1bf14/us-central1/api/payments/create?total=89797 --> api
[debug] [2021-02-16T00:16:18.021Z] [worker-pool] addWorker(api) {"metadata":{"emulator":{"name":"functions"},"message":"[worker-pool] addWorker(api)"}}
[debug] [2021-02-16T00:16:18.022Z] [worker-pool] Adding worker with key api, total=2 {"metadata":{"emulator":{"name":"functions"},"message":"[worker-pool] Adding worker with key api, total=2"}}
[debug] [2021-02-16T00:16:18.022Z] [worker-pool] submitWork(triggerId=api) {"metadata":{"emulator":{"name":"functions"},"message":"[worker-pool] submitWork(triggerId=api)"}}
[debug] [2021-02-16T00:16:18.023Z] [worker-api-d806e1d9-3813-434b-ab68-1e69a329c836]: Assigning socketPath: /var/folders/y9/h2pc4wwd42vcb2_dq2qgmnf00000gn/T/fire_emu_83166.sock {"metadata":{"emulator":{"name":"functions"},"message":"[worker-api-d806e1d9-3813-434b-ab68-1e69a329c836]: Assigning socketPath: /var/folders/y9/h2pc4wwd42vcb2_dq2qgmnf00000gn/T/fire_emu_83166.sock"}}
[debug] [2021-02-16T00:16:18.023Z] [worker-api-d806e1d9-3813-434b-ab68-1e69a329c836]: BUSY {"metadata":{"emulator":{"name":"functions"},"message":"[worker-api-d806e1d9-3813-434b-ab68-1e69a329c836]: BUSY"}}
[debug] [2021-02-16T00:16:18.419Z] [runtime-status] [83166] Functions runtime initialized. {"cwd":"/Users/germanalamillaperalta/Documents/webdev/amazon-challenge/functions","node_version":"12.18.1"} {"metadata":{"emulator":{"name":"functions"},"function":{"name":"api"},"message":"[runtime-status] [83166] Functions runtime initialized. {\"cwd\":\"/Users/germanalamillaperalta/Documents/webdev/amazon-challenge/functions\",\"node_version\":\"12.18.1\"}"}}
[debug] [2021-02-16T00:16:18.421Z] [runtime-status] [83166] Disabled runtime features: undefined {"metadata":{"emulator":{"name":"functions"},"function":{"name":"api"},"message":"[runtime-status] [83166] Disabled runtime features: undefined"}}
[debug] [2021-02-16T00:16:18.424Z] [runtime-status] [83166] Resolved module firebase-admin {"declared":true,"installed":true,"version":"9.5.0","resolution":"/Users/germanalamillaperalta/Documents/webdev/amazon-challenge/functions/node_modules/firebase-admin/lib/index.js"} {"metadata":{"emulator":{"name":"functions"},"function":{"name":"api"},"message":"[runtime-status] [83166] Resolved module firebase-admin {\"declared\":true,\"installed\":true,\"version\":\"9.5.0\",\"resolution\":\"/Users/germanalamillaperalta/Documents/webdev/amazon-challenge/functions/node_modules/firebase-admin/lib/index.js\"}"}}
[debug] [2021-02-16T00:16:18.425Z] [runtime-status] [83166] Resolved module firebase-functions {"declared":true,"installed":true,"version":"3.13.1","resolution":"/Users/germanalamillaperalta/Documents/webdev/amazon-challenge/functions/node_modules/firebase-functions/lib/index.js"} {"metadata":{"emulator":{"name":"functions"},"function":{"name":"api"},"message":"[runtime-status] [83166] Resolved module firebase-functions {\"declared\":true,\"installed\":true,\"version\":\"3.13.1\",\"resolution\":\"/Users/germanalamillaperalta/Documents/webdev/amazon-challenge/functions/node_modules/firebase-functions/lib/index.js\"}"}}
[debug] [2021-02-16T00:16:18.427Z] [runtime-status] [83166] Resolved module firebase-functions {"declared":true,"installed":true,"version":"3.13.1","resolution":"/Users/germanalamillaperalta/Documents/webdev/amazon-challenge/functions/node_modules/firebase-functions/lib/index.js"} {"metadata":{"emulator":{"name":"functions"},"function":{"name":"api"},"message":"[runtime-status] [83166] Resolved module firebase-functions {\"declared\":true,\"installed\":true,\"version\":\"3.13.1\",\"resolution\":\"/Users/germanalamillaperalta/Documents/webdev/amazon-challenge/functions/node_modules/firebase-functions/lib/index.js\"}"}}
[debug] [2021-02-16T00:16:18.429Z] [runtime-status] [83166] Outgoing network have been stubbed. [{"name":"http","status":"mocked"},{"name":"http","status":"mocked"},{"name":"https","status":"mocked"},{"name":"https","status":"mocked"},{"name":"net","status":"mocked"}] {"metadata":{"emulator":{"name":"functions"},"function":{"name":"api"},"message":"[runtime-status] [83166] Outgoing network have been stubbed. [{\"name\":\"http\",\"status\":\"mocked\"},{\"name\":\"http\",\"status\":\"mocked\"},{\"name\":\"https\",\"status\":\"mocked\"},{\"name\":\"https\",\"status\":\"mocked\"},{\"name\":\"net\",\"status\":\"mocked\"}]"}}
[debug] [2021-02-16T00:16:18.430Z] [runtime-status] [83166] Resolved module firebase-functions {"declared":true,"installed":true,"version":"3.13.1","resolution":"/Users/germanalamillaperalta/Documents/webdev/amazon-challenge/functions/node_modules/firebase-functions/lib/index.js"} {"metadata":{"emulator":{"name":"functions"},"function":{"name":"api"},"message":"[runtime-status] [83166] Resolved module firebase-functions {\"declared\":true,\"installed\":true,\"version\":\"3.13.1\",\"resolution\":\"/Users/germanalamillaperalta/Documents/webdev/amazon-challenge/functions/node_modules/firebase-functions/lib/index.js\"}"}}
[debug] [2021-02-16T00:16:18.494Z] [runtime-status] [83166] Checked functions.config() {"config":{}} {"metadata":{"emulator":{"name":"functions"},"function":{"name":"api"},"message":"[runtime-status] [83166] Checked functions.config() {\"config\":{}}"}}
[debug] [2021-02-16T00:16:18.495Z] [runtime-status] [83166] firebase-functions has been stubbed. {"functionsResolution":{"declared":true,"installed":true,"version":"3.13.1","resolution":"/Users/germanalamillaperalta/Documents/webdev/amazon-challenge/functions/node_modules/firebase-functions/lib/index.js"}} {"metadata":{"emulator":{"name":"functions"},"function":{"name":"api"},"message":"[runtime-status] [83166] firebase-functions has been stubbed. {\"functionsResolution\":{\"declared\":true,\"installed\":true,\"version\":\"3.13.1\",\"resolution\":\"/Users/germanalamillaperalta/Documents/webdev/amazon-challenge/functions/node_modules/firebase-functions/lib/index.js\"}}"}}
[debug] [2021-02-16T00:16:18.496Z] [runtime-status] [83166] Resolved module firebase-functions {"declared":true,"installed":true,"version":"3.13.1","resolution":"/Users/germanalamillaperalta/Documents/webdev/amazon-challenge/functions/node_modules/firebase-functions/lib/index.js"} {"metadata":{"emulator":{"name":"functions"},"function":{"name":"api"},"message":"[runtime-status] [83166] Resolved module firebase-functions {\"declared\":true,\"installed\":true,\"version\":\"3.13.1\",\"resolution\":\"/Users/germanalamillaperalta/Documents/webdev/amazon-challenge/functions/node_modules/firebase-functions/lib/index.js\"}"}}
[debug] [2021-02-16T00:16:18.497Z] [runtime-status] [83166] Resolved module firebase-admin {"declared":true,"installed":true,"version":"9.5.0","resolution":"/Users/germanalamillaperalta/Documents/webdev/amazon-challenge/functions/node_modules/firebase-admin/lib/index.js"} {"metadata":{"emulator":{"name":"functions"},"function":{"name":"api"},"message":"[runtime-status] [83166] Resolved module firebase-admin {\"declared\":true,\"installed\":true,\"version\":\"9.5.0\",\"resolution\":\"/Users/germanalamillaperalta/Documents/webdev/amazon-challenge/functions/node_modules/firebase-admin/lib/index.js\"}"}}
[debug] [2021-02-16T00:16:18.498Z] [runtime-status] [83166] Resolved module firebase-functions {"declared":true,"installed":true,"version":"3.13.1","resolution":"/Users/germanalamillaperalta/Documents/webdev/amazon-challenge/functions/node_modules/firebase-functions/lib/index.js"} {"metadata":{"emulator":{"name":"functions"},"function":{"name":"api"},"message":"[runtime-status] [83166] Resolved module firebase-functions {\"declared\":true,\"installed\":true,\"version\":\"3.13.1\",\"resolution\":\"/Users/germanalamillaperalta/Documents/webdev/amazon-challenge/functions/node_modules/firebase-functions/lib/index.js\"}"}}
[debug] [2021-02-16T00:16:18.498Z] [runtime-status] [83166] firebase-admin has been stubbed. {"adminResolution":{"declared":true,"installed":true,"version":"9.5.0","resolution":"/Users/germanalamillaperalta/Documents/webdev/amazon-challenge/functions/node_modules/firebase-admin/lib/index.js"}} {"metadata":{"emulator":{"name":"functions"},"function":{"name":"api"},"message":"[runtime-status] [83166] firebase-admin has been stubbed. {\"adminResolution\":{\"declared\":true,\"installed\":true,\"version\":\"9.5.0\",\"resolution\":\"/Users/germanalamillaperalta/Documents/webdev/amazon-challenge/functions/node_modules/firebase-admin/lib/index.js\"}}"}}
[debug] [2021-02-16T00:16:18.653Z] [runtime-status] [83166] Trigger "api" has been found, beginning invocation! {"metadata":{"emulator":{"name":"functions"},"function":{"name":"api"},"message":"[runtime-status] [83166] Trigger \"api\" has been found, beginning invocation!"}}
[info] i  functions: Beginning execution of "api" {"metadata":{"emulator":{"name":"functions"},"function":{"name":"api"},"message":"Beginning execution of \"api\""}}
[debug] [2021-02-16T00:16:18.654Z] [runtime-status] [83166] triggerDefinition {"httpsTrigger":{},"name":"api","entryPoint":"api"} {"metadata":{"emulator":{"name":"functions"},"function":{"name":"api"},"message":"[runtime-status] [83166] triggerDefinition {\"httpsTrigger\":{},\"name\":\"api\",\"entryPoint\":\"api\"}"}}
[debug] [2021-02-16T00:16:18.655Z] [runtime-status] [83166] Running api in mode HTTPS {"metadata":{"emulator":{"name":"functions"},"function":{"name":"api"},"message":"[runtime-status] [83166] Running api in mode HTTPS"}}
[debug] [2021-02-16T00:16:18.661Z] [runtime-status] [83166] Attempting to listen to socketPath: /var/folders/y9/h2pc4wwd42vcb2_dq2qgmnf00000gn/T/fire_emu_83166.sock {"metadata":{"emulator":{"name":"functions"},"function":{"name":"api"},"message":"[runtime-status] [83166] Attempting to listen to socketPath: /var/folders/y9/h2pc4wwd42vcb2_dq2qgmnf00000gn/T/fire_emu_83166.sock"}}
[debug] [2021-02-16T00:16:18.666Z] [functions] Runtime ready! Sending request! {"metadata":{"emulator":{"name":"functions"},"message":"[functions] Runtime ready! Sending request!"}}
[debug] [2021-02-16T00:16:18.678Z] [runtime-status] [83166] Ephemeral server handling POST request {"metadata":{"emulator":{"name":"functions"},"function":{"name":"api"},"message":"[runtime-status] [83166] Ephemeral server handling POST request"}}
[info] >  Payment Request Received, for this amount>> 89797 {"user":"Payment Request Received, for this amount>> 89797","metadata":{"emulator":{"name":"functions"},"function":{"name":"api"},"message":"\u001b[90m> \u001b[39m Payment Request Received, for this amount>> 89797"}}
[debug] [2021-02-16T00:16:18.705Z] [runtime-status] [83166] Ephemeral server survived. {"metadata":{"emulator":{"name":"functions"},"function":{"name":"api"},"message":"[runtime-status] [83166] Ephemeral server survived."}}
[info] i  functions: Finished "api" in ~1s {"metadata":{"emulator":{"name":"functions"},"function":{"name":"api"},"message":"Finished \"api\" in ~1s"}}
[debug] [2021-02-16T00:16:19.659Z] [worker-api-d806e1d9-3813-434b-ab68-1e69a329c836]: IDLE {"metadata":{"emulator":{"name":"functions"},"message":"[worker-api-d806e1d9-3813-434b-ab68-1e69a329c836]: IDLE"}}
[debug] [2021-02-16T00:16:19.659Z] [work-queue] {"queueLength":0,"workRunningCount":1}
[warn] ⚠  functions: Your function timed out after ~60s. To configure this timeout, see
      https://firebase.google.com/docs/functions/manage-functions#set_timeout_and_memory_allocation. {"metadata":{"emulator":{"name":"functions"},"function":{"name":"api"},"message":"Your function timed out after ~60s. To configure this timeout, see\n      https://firebase.google.com/docs/functions/manage-functions#set_timeout_and_memory_allocation."}}
[info] >  /Users/germanalamillaperalta/.cache/firebase/tools/lib/node_modules/firebase-tools/lib/emulator/functionsEmulatorRuntime.js:638 {"user":"/Users/germanalamillaperalta/.cache/firebase/tools/lib/node_modules/firebase-tools/lib/emulator/functionsEmulatorRuntime.js:638","metadata":{"emulator":{"name":"functions"},"function":{"name":"api"},"message":"\u001b[90m> \u001b[39m /Users/germanalamillaperalta/.cache/firebase/tools/lib/node_modules/firebase-tools/lib/emulator/functionsEmulatorRuntime.js:638"}}
[info] >              throw new Error("Function timed out."); {"user":"            throw new Error(\"Function timed out.\");","metadata":{"emulator":{"name":"functions"},"function":{"name":"api"},"message":"\u001b[90m> \u001b[39m             throw new Error(\"Function timed out.\");"}}
[info] >              ^ {"user":"            ^","metadata":{"emulator":{"name":"functions"},"function":{"name":"api"},"message":"\u001b[90m> \u001b[39m             ^"}}
[info] >   {"user":"","metadata":{"emulator":{"name":"functions"},"function":{"name":"api"},"message":"\u001b[90m> \u001b[39m "}}
[info] >  Error: Function timed out. {"user":"Error: Function timed out.","metadata":{"emulator":{"name":"functions"},"function":{"name":"api"},"message":"\u001b[90m> \u001b[39m Error: Function timed out."}}
[info] >      at Timeout._onTimeout (/Users/germanalamillaperalta/.cache/firebase/tools/lib/node_modules/firebase-tools/lib/emulator/functionsEmulatorRuntime.js:638:19) {"user":"    at Timeout._onTimeout (/Users/germanalamillaperalta/.cache/firebase/tools/lib/node_modules/firebase-tools/lib/emulator/functionsEmulatorRuntime.js:638:19)","metadata":{"emulator":{"name":"functions"},"function":{"name":"api"},"message":"\u001b[90m> \u001b[39m     at Timeout._onTimeout (/Users/germanalamillaperalta/.cache/firebase/tools/lib/node_modules/firebase-tools/lib/emulator/functionsEmulatorRuntime.js:638:19)"}}
[info] >      at listOnTimeout (internal/timers.js:549:17) {"user":"    at listOnTimeout (internal/timers.js:549:17)","metadata":{"emulator":{"name":"functions"},"function":{"name":"api"},"message":"\u001b[90m> \u001b[39m     at listOnTimeout (internal/timers.js:549:17)"}}
[info] >      at processTimers (internal/timers.js:492:7) {"user":"    at processTimers (internal/timers.js:492:7)","metadata":{"emulator":{"name":"functions"},"function":{"name":"api"},"message":"\u001b[90m> \u001b[39m     at processTimers (internal/timers.js:492:7)"}}
[debug] [2021-02-16T00:17:06.251Z] [worker-api-2b0e701b-ab06-4bf7-8d0e-56ba8a19a0ff]: exited {"metadata":{"emulator":{"name":"functions"},"message":"[worker-api-2b0e701b-ab06-4bf7-8d0e-56ba8a19a0ff]: exited"}}
[debug] [2021-02-16T00:17:06.251Z] [worker-api-2b0e701b-ab06-4bf7-8d0e-56ba8a19a0ff]: FINISHED {"metadata":{"emulator":{"name":"functions"},"message":"[worker-api-2b0e701b-ab06-4bf7-8d0e-56ba8a19a0ff]: FINISHED"}}
[debug] [2021-02-16T00:17:06.252Z] [work-queue] {"queueLength":0,"workRunningCount":0}
